20:27:32 INFO  : Launching XSCT server: xsct.bat -n  -interactive C:\Users\arceo\Documents\vitis_projects_2020\temp_xsdb_launch_script.tcl
20:27:33 INFO  : Registering command handlers for Vitis TCF services
20:27:36 INFO  : Platform repository initialization has completed.
20:27:36 INFO  : XSCT server has started successfully.
20:27:40 INFO  : Successfully done setting XSCT server connection channel  
20:27:40 INFO  : plnx-install-location is set to ''
20:27:40 INFO  : Successfully done query RDI_DATADIR 
20:27:40 INFO  : Successfully done setting workspace for the tool. 
20:30:06 INFO  : Result from executing command 'getProjects': finalproject2_wrapper
20:30:06 INFO  : Result from executing command 'getPlatforms': 
20:30:06 WARN  : An unexpected exception occurred in the module 'platform project logging'
20:30:06 INFO  : Platform 'finalproject2_wrapper' is added to custom repositories.
20:30:18 INFO  : Platform 'finalproject2_wrapper' is added to custom repositories.
20:57:03 INFO  : Result from executing command 'getProjects': finalproject2_wrapper
20:57:03 INFO  : Result from executing command 'getPlatforms': finalproject2_wrapper|C:/Users/arceo/Documents/vitis_projects_2020/finalproject2_wrapper/export/finalproject2_wrapper/finalproject2_wrapper.xpfm
20:57:03 INFO  : Checking for BSP changes to sync application flags for project 'cogproject'...
22:18:50 INFO  : Checking for BSP changes to sync application flags for project 'cogproject'...
22:19:18 INFO  : Checking for BSP changes to sync application flags for project 'cogproject'...
22:19:45 INFO  : Checking for BSP changes to sync application flags for project 'cogproject'...
22:20:25 INFO  : Checking for BSP changes to sync application flags for project 'cogproject'...
22:20:42 INFO  : Checking for BSP changes to sync application flags for project 'cogproject'...
22:26:09 INFO  : Checking for BSP changes to sync application flags for project 'cogproject'...
22:26:32 INFO  : Checking for BSP changes to sync application flags for project 'cogproject'...
22:27:10 INFO  : Checking for BSP changes to sync application flags for project 'cogproject'...
22:29:04 INFO  : Checking for BSP changes to sync application flags for project 'cogproject'...
22:29:26 INFO  : Checking for BSP changes to sync application flags for project 'cogproject'...
22:29:54 INFO  : Checking for BSP changes to sync application flags for project 'cogproject'...
22:30:32 INFO  : Checking for BSP changes to sync application flags for project 'cogproject'...
22:31:23 INFO  : Checking for BSP changes to sync application flags for project 'cogproject'...
22:35:41 INFO  : Checking for BSP changes to sync application flags for project 'cogproject'...
22:36:52 INFO  : Checking for BSP changes to sync application flags for project 'cogproject'...
22:38:12 INFO  : Checking for BSP changes to sync application flags for project 'cogproject'...
22:38:29 INFO  : Checking for BSP changes to sync application flags for project 'cogproject'...
22:39:30 INFO  : Checking for BSP changes to sync application flags for project 'cogproject'...
22:39:37 INFO  : Checking for BSP changes to sync application flags for project 'cogproject'...
22:40:08 INFO  : Checking for BSP changes to sync application flags for project 'cogproject'...
22:40:28 INFO  : Checking for BSP changes to sync application flags for project 'cogproject'...
22:40:45 INFO  : Checking for BSP changes to sync application flags for project 'cogproject'...
22:45:30 INFO  : Successfully generated C:\Users\arceo\Documents\vitis_projects_2020\cogproject\src\lscript.ld.
22:45:30 INFO  : Applying linker script to all configurations of project cogproject.
22:45:30 INFO  : Setting rebuild state to true for all configurations of project cogproject.
22:46:43 INFO  : Result from executing command 'getProjects': finalproject2_wrapper
22:46:43 INFO  : Result from executing command 'getPlatforms': finalproject2_wrapper|C:/Users/arceo/Documents/vitis_projects_2020/finalproject2_wrapper/export/finalproject2_wrapper/finalproject2_wrapper.xpfm
22:46:44 INFO  : Checking for BSP changes to sync application flags for project 'cogproject'...
22:47:33 INFO  : Checking for BSP changes to sync application flags for project 'cogproject'...
22:47:44 INFO  : Checking for BSP changes to sync application flags for project 'cogproject'...
22:47:48 INFO  : Checking for BSP changes to sync application flags for project 'cogproject'...
22:48:05 INFO  : Checking for BSP changes to sync application flags for project 'cogproject'...
22:51:47 INFO  : Checking for BSP changes to sync application flags for project 'cogproject'...
22:52:11 INFO  : Checking for BSP changes to sync application flags for project 'cogproject'...
22:52:51 INFO  : Checking for BSP changes to sync application flags for project 'cogproject'...
22:53:18 INFO  : Checking for BSP changes to sync application flags for project 'cogproject'...
22:58:59 ERROR : (XSDB Server)child process exited abnormally

22:59:07 ERROR : (XSDB Server)child process exited abnormally

22:59:10 ERROR : (XSDB Server)child process exited abnormally

23:00:49 ERROR : (XSDB Server)child process exited abnormally

